-Xajruntimetarget:1.5
-Xlint:ignore
-16
-encoding
UTF-8
-showWeaveInfo
-source
16
-target
16
-verbose
-classpath
C:\Users\BEKZHAN\.m2\repository\org\projectlombok\lombok\1.18.30\lombok-1.18.30.jar;C:\Users\BEKZHAN\.m2\repository\com\fasterxml\jackson\dataformat\jackson-dataformat-xml\2.16.1\jackson-dataformat-xml-2.16.1.jar;C:\Users\BEKZHAN\.m2\repository\com\fasterxml\jackson\core\jackson-core\2.16.1\jackson-core-2.16.1.jar;C:\Users\BEKZHAN\.m2\repository\com\fasterxml\jackson\core\jackson-annotations\2.16.1\jackson-annotations-2.16.1.jar;C:\Users\BEKZHAN\.m2\repository\org\codehaus\woodstox\stax2-api\4.2.1\stax2-api-4.2.1.jar;C:\Users\BEKZHAN\.m2\repository\com\fasterxml\woodstox\woodstox-core\6.5.1\woodstox-core-6.5.1.jar;C:\Users\BEKZHAN\.m2\repository\com\fasterxml\jackson\core\jackson-databind\2.16.1\jackson-databind-2.16.1.jar;C:\Users\BEKZHAN\.m2\repository\org\mapstruct\mapstruct\1.5.5.Final\mapstruct-1.5.5.Final.jar;C:\Users\BEKZHAN\.m2\repository\org\aspectj\aspectjrt\1.9.21\aspectjrt-1.9.21.jar;C:\Users\BEKZHAN\.m2\repository\org\aspectj\aspectjtools\1.9.21\aspectjtools-1.9.21.jar;C:\Users\BEKZHAN\.m2\repository\io\jsonwebtoken\jjwt\0.12.5\jjwt-0.12.5.jar;C:\Users\BEKZHAN\.m2\repository\io\jsonwebtoken\jjwt-api\0.12.5\jjwt-api-0.12.5.jar;C:\Users\BEKZHAN\.m2\repository\jakarta\servlet\jakarta.servlet-api\6.0.0\jakarta.servlet-api-6.0.0.jar;C:\Users\BEKZHAN\.m2\repository\org\apache\logging\log4j\log4j-slf4j-impl\2.20.0\log4j-slf4j-impl-2.20.0.jar;C:\Users\BEKZHAN\.m2\repository\org\apache\logging\log4j\log4j-api\2.20.0\log4j-api-2.20.0.jar;C:\Users\BEKZHAN\.m2\repository\org\slf4j\slf4j-api\1.7.25\slf4j-api-1.7.25.jar;C:\Users\BEKZHAN\.m2\repository\org\postgresql\postgresql\42.7.1\postgresql-42.7.1.jar;C:\Users\BEKZHAN\.m2\repository\org\liquibase\liquibase-core\4.25.1\liquibase-core-4.25.1.jar;C:\Users\BEKZHAN\.m2\repository\com\opencsv\opencsv\5.8\opencsv-5.8.jar;C:\Users\BEKZHAN\.m2\repository\org\apache\commons\commons-lang3\3.12.0\commons-lang3-3.12.0.jar;C:\Users\BEKZHAN\.m2\repository\org\apache\commons\commons-text\1.10.0\commons-text-1.10.0.jar;C:\Users\BEKZHAN\.m2\repository\org\apache\commons\commons-collections4\4.4\commons-collections4-4.4.jar;C:\Users\BEKZHAN\.m2\repository\org\yaml\snakeyaml\2.2\snakeyaml-2.2.jar;C:\Users\BEKZHAN\.m2\repository\javax\xml\bind\jaxb-api\2.3.1\jaxb-api-2.3.1.jar;C:\Users\BEKZHAN\.m2\repository\org\hibernate\validator\hibernate-validator\8.0.1.Final\hibernate-validator-8.0.1.Final.jar;C:\Users\BEKZHAN\.m2\repository\jakarta\validation\jakarta.validation-api\3.0.2\jakarta.validation-api-3.0.2.jar;C:\Users\BEKZHAN\.m2\repository\org\jboss\logging\jboss-logging\3.4.3.Final\jboss-logging-3.4.3.Final.jar;C:\Users\BEKZHAN\.m2\repository\com\fasterxml\classmate\1.5.1\classmate-1.5.1.jar;C:\Users\BEKZHAN\.m2\repository\io\jsonwebtoken\jjwt-impl\0.12.5\jjwt-impl-0.12.5.jar;C:\Users\BEKZHAN\.m2\repository\io\jsonwebtoken\jjwt-jackson\0.12.5\jjwt-jackson-0.12.5.jar;C:\Users\BEKZHAN\.m2\repository\org\junit\jupiter\junit-jupiter-api\5.10.1\junit-jupiter-api-5.10.1.jar;C:\Users\BEKZHAN\.m2\repository\org\mockito\mockito-core\5.6.0\mockito-core-5.6.0.jar;C:\Users\BEKZHAN\.m2\repository\org\testcontainers\junit-jupiter\1.19.1\junit-jupiter-1.19.1.jar;C:\Users\BEKZHAN\.m2\repository\org\testcontainers\postgresql\1.19.4\postgresql-1.19.4.jar;C:\Users\BEKZHAN\.m2\repository\org\mockito\mockito-junit-jupiter\5.6.0\mockito-junit-jupiter-5.6.0.jar;C:\Users\BEKZHAN\IdeaProjects\Ylab_HW\target\classes
-d
C:\Users\BEKZHAN\IdeaProjects\Ylab_HW\target\classes
-s
C:\Users\BEKZHAN\IdeaProjects\Ylab_HW\target\generated-sources\aspectj-maven-plugin
C:\Users\BEKZHAN\IdeaProjects\Ylab_HW\src\main\java\org\beko\annotations\Auditable.java
C:\Users\BEKZHAN\IdeaProjects\Ylab_HW\src\main\java\org\beko\annotations\Loggable.java
C:\Users\BEKZHAN\IdeaProjects\Ylab_HW\src\main\java\org\beko\ApplicationContextListener.java
C:\Users\BEKZHAN\IdeaProjects\Ylab_HW\src\main\java\org\beko\aspects\AuditAspect.java
C:\Users\BEKZHAN\IdeaProjects\Ylab_HW\src\main\java\org\beko\aspects\LoggableAspect.java
C:\Users\BEKZHAN\IdeaProjects\Ylab_HW\src\main\java\org\beko\aspects\LoggingTimeExecutionAspect.java
C:\Users\BEKZHAN\IdeaProjects\Ylab_HW\src\main\java\org\beko\dao\AuditDAO.java
C:\Users\BEKZHAN\IdeaProjects\Ylab_HW\src\main\java\org\beko\dao\BookingDAO.java
C:\Users\BEKZHAN\IdeaProjects\Ylab_HW\src\main\java\org\beko\dao\DAO.java
C:\Users\BEKZHAN\IdeaProjects\Ylab_HW\src\main\java\org\beko\dao\impl\AuditDAOImpl.java
C:\Users\BEKZHAN\IdeaProjects\Ylab_HW\src\main\java\org\beko\dao\impl\BookingDAOImpl.java
C:\Users\BEKZHAN\IdeaProjects\Ylab_HW\src\main\java\org\beko\dao\impl\PlaceDAOImpl.java
C:\Users\BEKZHAN\IdeaProjects\Ylab_HW\src\main\java\org\beko\dao\impl\UserDAOImpl.java
C:\Users\BEKZHAN\IdeaProjects\Ylab_HW\src\main\java\org\beko\dao\PlaceDAO.java
C:\Users\BEKZHAN\IdeaProjects\Ylab_HW\src\main\java\org\beko\dao\UserDAO.java
C:\Users\BEKZHAN\IdeaProjects\Ylab_HW\src\main\java\org\beko\dto\AuthRequest.java
C:\Users\BEKZHAN\IdeaProjects\Ylab_HW\src\main\java\org\beko\dto\BookingRequest.java
C:\Users\BEKZHAN\IdeaProjects\Ylab_HW\src\main\java\org\beko\dto\ExceptionResponse.java
C:\Users\BEKZHAN\IdeaProjects\Ylab_HW\src\main\java\org\beko\dto\PlaceRequest.java
C:\Users\BEKZHAN\IdeaProjects\Ylab_HW\src\main\java\org\beko\dto\SecurityRequest.java
C:\Users\BEKZHAN\IdeaProjects\Ylab_HW\src\main\java\org\beko\dto\SuccessResponse.java
C:\Users\BEKZHAN\IdeaProjects\Ylab_HW\src\main\java\org\beko\dto\TokenResponse.java
C:\Users\BEKZHAN\IdeaProjects\Ylab_HW\src\main\java\org\beko\dto\UserDTO.java
C:\Users\BEKZHAN\IdeaProjects\Ylab_HW\src\main\java\org\beko\exception\AuthorizeException.java
C:\Users\BEKZHAN\IdeaProjects\Ylab_HW\src\main\java\org\beko\exception\NotValidArgumentException.java
C:\Users\BEKZHAN\IdeaProjects\Ylab_HW\src\main\java\org\beko\exception\PlaceAlreadyBookedException.java
C:\Users\BEKZHAN\IdeaProjects\Ylab_HW\src\main\java\org\beko\exception\PlaceAlreadyExistException.java
C:\Users\BEKZHAN\IdeaProjects\Ylab_HW\src\main\java\org\beko\exception\PlaceNotFoundException.java
C:\Users\BEKZHAN\IdeaProjects\Ylab_HW\src\main\java\org\beko\exception\RegisterException.java
C:\Users\BEKZHAN\IdeaProjects\Ylab_HW\src\main\java\org\beko\exception\UserNotFoundException.java
C:\Users\BEKZHAN\IdeaProjects\Ylab_HW\src\main\java\org\beko\filters\GlobalFilter.java
C:\Users\BEKZHAN\IdeaProjects\Ylab_HW\src\main\java\org\beko\filters\JwtTokenFilter.java
C:\Users\BEKZHAN\IdeaProjects\Ylab_HW\src\main\java\org\beko\liquibase\LiquibaseDemo.java
C:\Users\BEKZHAN\IdeaProjects\Ylab_HW\src\main\java\org\beko\mapper\PlaceMapper.java
C:\Users\BEKZHAN\IdeaProjects\Ylab_HW\src\main\java\org\beko\model\Audit.java
C:\Users\BEKZHAN\IdeaProjects\Ylab_HW\src\main\java\org\beko\model\Booking.java
C:\Users\BEKZHAN\IdeaProjects\Ylab_HW\src\main\java\org\beko\model\Place.java
C:\Users\BEKZHAN\IdeaProjects\Ylab_HW\src\main\java\org\beko\model\types\ActionType.java
C:\Users\BEKZHAN\IdeaProjects\Ylab_HW\src\main\java\org\beko\model\types\AuditType.java
C:\Users\BEKZHAN\IdeaProjects\Ylab_HW\src\main\java\org\beko\model\types\Role.java
C:\Users\BEKZHAN\IdeaProjects\Ylab_HW\src\main\java\org\beko\model\User.java
C:\Users\BEKZHAN\IdeaProjects\Ylab_HW\src\main\java\org\beko\security\Authentication.java
C:\Users\BEKZHAN\IdeaProjects\Ylab_HW\src\main\java\org\beko\security\JwtTokenUtils.java
C:\Users\BEKZHAN\IdeaProjects\Ylab_HW\src\main\java\org\beko\service\AuditService.java
C:\Users\BEKZHAN\IdeaProjects\Ylab_HW\src\main\java\org\beko\service\BookingService.java
C:\Users\BEKZHAN\IdeaProjects\Ylab_HW\src\main\java\org\beko\service\impl\AuditServiceImpl.java
C:\Users\BEKZHAN\IdeaProjects\Ylab_HW\src\main\java\org\beko\service\impl\BookingServiceImpl.java
C:\Users\BEKZHAN\IdeaProjects\Ylab_HW\src\main\java\org\beko\service\impl\PlaceServiceImpl.java
C:\Users\BEKZHAN\IdeaProjects\Ylab_HW\src\main\java\org\beko\service\impl\SecurityServiceImpl.java
C:\Users\BEKZHAN\IdeaProjects\Ylab_HW\src\main\java\org\beko\service\impl\UserServiceImpl.java
C:\Users\BEKZHAN\IdeaProjects\Ylab_HW\src\main\java\org\beko\service\PlaceService.java
C:\Users\BEKZHAN\IdeaProjects\Ylab_HW\src\main\java\org\beko\service\SecurityService.java
C:\Users\BEKZHAN\IdeaProjects\Ylab_HW\src\main\java\org\beko\service\UserService.java
C:\Users\BEKZHAN\IdeaProjects\Ylab_HW\src\main\java\org\beko\servlets\AuthenticationServlet.java
C:\Users\BEKZHAN\IdeaProjects\Ylab_HW\src\main\java\org\beko\servlets\BookPlaceServlet.java
C:\Users\BEKZHAN\IdeaProjects\Ylab_HW\src\main\java\org\beko\servlets\GetAllBookingsServlet.java
C:\Users\BEKZHAN\IdeaProjects\Ylab_HW\src\main\java\org\beko\servlets\GetAllPlacesServlet.java
C:\Users\BEKZHAN\IdeaProjects\Ylab_HW\src\main\java\org\beko\servlets\GetAvailablePlacesForDateServlet.java
C:\Users\BEKZHAN\IdeaProjects\Ylab_HW\src\main\java\org\beko\servlets\GetAvailablePlacesServlet.java
C:\Users\BEKZHAN\IdeaProjects\Ylab_HW\src\main\java\org\beko\servlets\GetPlacesServlet.java
C:\Users\BEKZHAN\IdeaProjects\Ylab_HW\src\main\java\org\beko\servlets\PlaceManagementServlet.java
C:\Users\BEKZHAN\IdeaProjects\Ylab_HW\src\main\java\org\beko\servlets\RegistrationServlet.java
C:\Users\BEKZHAN\IdeaProjects\Ylab_HW\src\main\java\org\beko\util\ConnectionManager.java
C:\Users\BEKZHAN\IdeaProjects\Ylab_HW\src\main\java\org\beko\util\PropertiesUtil.java
C:\Users\BEKZHAN\IdeaProjects\Ylab_HW\target\generated-sources\annotations\org\beko\mapper\PlaceMapperImpl.java
